Using pre-set license
Built from '2020.2/release' branch; Version is '2020.2.1f1 (270dd8c3da1c) revision 2559448'; Using compiler version '192528614'; Build Type 'Release'
OS: 'Windows 10  (10.0.0) 64bit' Language: 'en' Physical Memory: 16332 MB
BatchMode: 1, IsHumanControllingUs: 0, StartBugReporterOnCrash: 0, Is64bit: 1, IsPro: 0

 COMMAND LINE ARGUMENTS:
C:\Program Files\Unity\Hub\Editor\2020.2.1f1\Editor\Unity.exe
-adb2
-batchMode
-noUpm
-name
AssetImportWorker0
-projectPath
C:/Users/Lucas Coates/Downloads/Git/GAME3011_A4_Coates1_Villeneuve2
-logFile
Logs/AssetImportWorker0.log
-srvPort
60150
Successfully changed project path to: C:/Users/Lucas Coates/Downloads/Git/GAME3011_A4_Coates1_Villeneuve2
C:/Users/Lucas Coates/Downloads/Git/GAME3011_A4_Coates1_Villeneuve2
Using Asset Import Pipeline V2.
Refreshing native plugins compatible for Editor in 25.84 ms, found 0 plugins.
Preloading 0 native plugins for Editor in 0.00 ms.
Initialize engine version: 2020.2.1f1 (270dd8c3da1c)
[Subsystems] Discovering subsystems at path C:/Program Files/Unity/Hub/Editor/2020.2.1f1/Editor/Data/Resources/UnitySubsystems
[Subsystems] Discovering subsystems at path C:/Users/Lucas Coates/Downloads/Git/GAME3011_A4_Coates1_Villeneuve2/Assets
GfxDevice: creating device client; threaded=0
Direct3D:
    Version:  Direct3D 11.0 [level 11.1]
    Renderer: NVIDIA GeForce RTX 2070 SUPER (ID=0x1e84)
    Vendor:   
    VRAM:     8011 MB
    Driver:   27.21.14.6611
Initialize mono
Mono path[0] = 'C:/Program Files/Unity/Hub/Editor/2020.2.1f1/Editor/Data/Managed'
Mono path[1] = 'C:/Program Files/Unity/Hub/Editor/2020.2.1f1/Editor/Data/MonoBleedingEdge/lib/mono/unityjit'
Mono config path = 'C:/Program Files/Unity/Hub/Editor/2020.2.1f1/Editor/Data/MonoBleedingEdge/etc'
Using monoOptions --debugger-agent=transport=dt_socket,embedding=1,server=y,suspend=n,address=127.0.0.1:56420
Begin MonoManager ReloadAssembly
Registering precompiled unity dll's ...
Register platform support module: C:/Program Files/Unity/Hub/Editor/2020.2.1f1/Editor/Data/PlaybackEngines/WebGLSupport/UnityEditor.WebGL.Extensions.dll
Register platform support module: C:/Program Files/Unity/Hub/Editor/2020.2.1f1/Editor/Data/PlaybackEngines/WindowsStandaloneSupport/UnityEditor.WindowsStandalone.Extensions.dll
Register platform support module: C:/Program Files/Unity/Hub/Editor/2020.2.1f1/Editor/Data/PlaybackEngines/LinuxStandaloneSupport/UnityEditor.LinuxStandalone.Extensions.dll
Registered in 0.002371 seconds.
Native extension for LinuxStandalone target not found
Native extension for WindowsStandalone target not found
Native extension for WebGL target not found
Refreshing native plugins compatible for Editor in 25.46 ms, found 0 plugins.
Preloading 0 native plugins for Editor in 0.00 ms.
Invoked RoslynAnalysisRunner static constructor.
RoslynAnalysisRunner will not be running.
RoslynAnalysisRunner has terminated.
Mono: successfully reloaded assembly
- Completed reload, in  1.728 seconds
Platform modules already initialized, skipping
Registering precompiled user dll's ...
Registered in 0.000595 seconds.
Begin MonoManager ReloadAssembly
Native extension for LinuxStandalone target not found
Native extension for WindowsStandalone target not found
Native extension for WebGL target not found
Refreshing native plugins compatible for Editor in 0.30 ms, found 0 plugins.
Preloading 0 native plugins for Editor in 0.00 ms.
Invoked RoslynAnalysisRunner static constructor.
RoslynAnalysisRunner will not be running.
RoslynAnalysisRunner has terminated.
Mono: successfully reloaded assembly
- Completed reload, in  0.690 seconds
Platform modules already initialized, skipping
========================================================================
Worker process is ready to serve import requests
Launched and connected shader compiler UnityShaderCompiler.exe after 0.03 seconds
Refreshing native plugins compatible for Editor in 0.33 ms, found 0 plugins.
Preloading 0 native plugins for Editor in 0.00 ms.
Unloading 1096 Unused Serialized files (Serialized files now loaded: 0)
System memory in use before: 56.1 MB.
System memory in use after: 56.1 MB.

Unloading 10 unused Assets to reduce memory usage. Loaded Objects now: 1536.
Total: 1.792900 ms (FindLiveObjects: 0.179300 ms CreateObjectMapping: 0.030000 ms MarkObjects: 1.520600 ms  DeleteObjects: 0.061900 ms)

========================================================================
Received Import Request.
  path: Assets/Kenney Assets/Spritesheet
  artifactKey: Guid(5f6fdac6119734746b8e08685048dd5e) Importer(815301076,1909f56bfc062723c751e8b465ee728b)
Start importing Assets/Kenney Assets/Spritesheet using Guid(5f6fdac6119734746b8e08685048dd5e) Importer(815301076,1909f56bfc062723c751e8b465ee728b)  -> (artifact id: '64119b94aa5eb8e519f70953b9576745') in 0.009678 seconds
  Import took 0.011442 seconds .

========================================================================
Received Import Request.
  Time since last request: 0.000181 seconds.
  path: Assets/Kenney Assets/Vector
  artifactKey: Guid(c35ade9b174204345801fab5d4daf4a1) Importer(815301076,1909f56bfc062723c751e8b465ee728b)
Start importing Assets/Kenney Assets/Vector using Guid(c35ade9b174204345801fab5d4daf4a1) Importer(815301076,1909f56bfc062723c751e8b465ee728b)  -> (artifact id: 'd3b3b672b01b0f19e8caac022b40b71e') in 0.006156 seconds
  Import took 0.007885 seconds .

========================================================================
Received Import Request.
  Time since last request: 7.768491 seconds.
  path: Assets/GameManager.cs
  artifactKey: Guid(888271bce936c5d48b33e3411a625396) Importer(815301076,1909f56bfc062723c751e8b465ee728b)
Start importing Assets/GameManager.cs using Guid(888271bce936c5d48b33e3411a625396) Importer(815301076,1909f56bfc062723c751e8b465ee728b)  -> (artifact id: '87f21ef42b25ab4c493a60773a19e1d1') in 0.025012 seconds
  Import took 0.026893 seconds .

========================================================================
Received Import Request.
  Time since last request: 0.002096 seconds.
  path: Assets/GameManager.cs
  artifactKey: Guid(888271bce936c5d48b33e3411a625396) Importer(815301076,1909f56bfc062723c751e8b465ee728b)
Start importing Assets/GameManager.cs using Guid(888271bce936c5d48b33e3411a625396) Importer(815301076,1909f56bfc062723c751e8b465ee728b)  -> (artifact id: '87f21ef42b25ab4c493a60773a19e1d1') in 0.002307 seconds
  Import took 0.004013 seconds .

========================================================================
Received Import Request.
  Time since last request: 42.499512 seconds.
  path: Assets/PipeScript.cs
  artifactKey: Guid(0e9f9797b064b574499b2af28ce3a3b2) Importer(815301076,1909f56bfc062723c751e8b465ee728b)
Start importing Assets/PipeScript.cs using Guid(0e9f9797b064b574499b2af28ce3a3b2) Importer(815301076,1909f56bfc062723c751e8b465ee728b)  -> (artifact id: 'f8cf9c532549a949e68063afbc6a4bd9') in 0.007570 seconds
  Import took 0.009608 seconds .

========================================================================
Received Import Request.
  Time since last request: 0.000827 seconds.
  path: Assets/PipeScript.cs
  artifactKey: Guid(0e9f9797b064b574499b2af28ce3a3b2) Importer(815301076,1909f56bfc062723c751e8b465ee728b)
Start importing Assets/PipeScript.cs using Guid(0e9f9797b064b574499b2af28ce3a3b2) Importer(815301076,1909f56bfc062723c751e8b465ee728b)  -> (artifact id: 'f8cf9c532549a949e68063afbc6a4bd9') in 0.002463 seconds
  Import took 0.004568 seconds .

========================================================================
Received Prepare
Registering precompiled user dll's ...
Registered in 0.000655 seconds.
Begin MonoManager ReloadAssembly
Native extension for LinuxStandalone target not found
Native extension for WindowsStandalone target not found
Native extension for WebGL target not found
Refreshing native plugins compatible for Editor in 0.31 ms, found 0 plugins.
Preloading 0 native plugins for Editor in 0.00 ms.
Invoked RoslynAnalysisRunner static constructor.
RoslynAnalysisRunner will not be running.
RoslynAnalysisRunner has terminated.
Mono: successfully reloaded assembly
- Completed reload, in  0.659 seconds
Platform modules already initialized, skipping
Refreshing native plugins compatible for Editor in 0.30 ms, found 0 plugins.
Preloading 0 native plugins for Editor in 0.00 ms.
Unloading 1091 Unused Serialized files (Serialized files now loaded: 0)
System memory in use before: 56.1 MB.
System memory in use after: 56.2 MB.

Unloading 5 unused Assets to reduce memory usage. Loaded Objects now: 1538.
Total: 1.483600 ms (FindLiveObjects: 0.133500 ms CreateObjectMapping: 0.028500 ms MarkObjects: 1.275400 ms  DeleteObjects: 0.044900 ms)

========================================================================
Received Prepare
Registering precompiled user dll's ...
Registered in 0.000635 seconds.
Begin MonoManager ReloadAssembly
Native extension for LinuxStandalone target not found
Native extension for WindowsStandalone target not found
Native extension for WebGL target not found
Refreshing native plugins compatible for Editor in 0.31 ms, found 0 plugins.
Preloading 0 native plugins for Editor in 0.00 ms.
Invoked RoslynAnalysisRunner static constructor.
RoslynAnalysisRunner will not be running.
RoslynAnalysisRunner has terminated.
Mono: successfully reloaded assembly
- Completed reload, in  0.645 seconds
Platform modules already initialized, skipping
Refreshing native plugins compatible for Editor in 0.30 ms, found 0 plugins.
Preloading 0 native plugins for Editor in 0.00 ms.
Unloading 1091 Unused Serialized files (Serialized files now loaded: 0)
System memory in use before: 56.2 MB.
System memory in use after: 56.3 MB.

Unloading 5 unused Assets to reduce memory usage. Loaded Objects now: 1540.
Total: 1.420900 ms (FindLiveObjects: 0.138000 ms CreateObjectMapping: 0.027200 ms MarkObjects: 1.210800 ms  DeleteObjects: 0.043900 ms)

========================================================================
Received Prepare
Registering precompiled user dll's ...
Registered in 0.000715 seconds.
Begin MonoManager ReloadAssembly
Native extension for LinuxStandalone target not found
Native extension for WindowsStandalone target not found
Native extension for WebGL target not found
Refreshing native plugins compatible for Editor in 0.34 ms, found 0 plugins.
Preloading 0 native plugins for Editor in 0.00 ms.
Invoked RoslynAnalysisRunner static constructor.
RoslynAnalysisRunner will not be running.
RoslynAnalysisRunner has terminated.
Mono: successfully reloaded assembly
- Completed reload, in  0.673 seconds
Platform modules already initialized, skipping
Refreshing native plugins compatible for Editor in 0.31 ms, found 0 plugins.
Preloading 0 native plugins for Editor in 0.00 ms.
Unloading 1091 Unused Serialized files (Serialized files now loaded: 0)
System memory in use before: 56.3 MB.
System memory in use after: 56.4 MB.

Unloading 5 unused Assets to reduce memory usage. Loaded Objects now: 1542.
Total: 1.889900 ms (FindLiveObjects: 0.180100 ms CreateObjectMapping: 0.026900 ms MarkObjects: 1.627900 ms  DeleteObjects: 0.053700 ms)

